<?xml version="1.0" encoding="UTF-8"?>
<testsuite name="GuessAnimalTest" tests="1" skipped="0" failures="0" errors="0" timestamp="2021-12-20T14:34:52" hostname="user-computer" time="1.56">
  <properties/>
  <testcase name="start" classname="GuessAnimalTest" time="1.56"/>
  <system-out><![CDATA[?[1;31m
Start test 1?[0m
Scenario 'the-first-question' is started.

Hello!

I want to learn about animals.
Which animal do you like most?
> cat
Wonderful! I've learned so much about animals!
Let's play a game!
You think of an animal, and I guess it.
Press enter when you're ready.
> 
Is it a cat?
Hello!

I want to learn about animals.
Which animal do you like most?
> DOG
Wonderful! I've learned so much about animals!
Let's play a game!
You think of an animal, and I guess it.
Press enter when you're ready.
> 
Is it a dog?
Hello!

I want to learn about animals.
Which animal do you like most?
> hare
Wonderful! I've learned so much about animals!
Let's play a game!
You think of an animal, and I guess it.
Press enter when you're ready.
> 
Is it a hare?
Hello!

I want to learn about animals.
Which animal do you like most?
> WOLF
Wonderful! I've learned so much about animals!
Let's play a game!
You think of an animal, and I guess it.
Press enter when you're ready.
> 
Is it a wolf?
Hello!

I want to learn about animals.
Which animal do you like most?
> uniCorn
Wonderful! I've learned so much about animals!
Let's play a game!
You think of an animal, and I guess it.
Press enter when you're ready.
> 
Is it an unicorn?
Hello!

I want to learn about animals.
Which animal do you like most?
> uniCorn
Wonderful! I've learned so much about animals!
Let's play a game!
You think of an animal, and I guess it.
Press enter when you're ready.
> 
Is it an unicorn?
Hello!

I want to learn about animals.
Which animal do you like most?
> A Unicorn
Wonderful! I've learned so much about animals!
Let's play a game!
You think of an animal, and I guess it.
Press enter when you're ready.
> 
Is it a unicorn?
Hello!

I want to learn about animals.
Which animal do you like most?
> APE
Wonderful! I've learned so much about animals!
Let's play a game!
You think of an animal, and I guess it.
Press enter when you're ready.
> 
Is it an ape?
Hello!

I want to learn about animals.
Which animal do you like most?
> uniCorn
Wonderful! I've learned so much about animals!
Let's play a game!
You think of an animal, and I guess it.
Press enter when you're ready.
> 
Is it an unicorn?
Hello!

I want to learn about animals.
Which animal do you like most?
> uniCorn
Wonderful! I've learned so much about animals!
Let's play a game!
You think of an animal, and I guess it.
Press enter when you're ready.
> 
Is it an unicorn?
Hello!

I want to learn about animals.
Which animal do you like most?
> linX
Wonderful! I've learned so much about animals!
Let's play a game!
You think of an animal, and I guess it.
Press enter when you're ready.
> 
Is it a linx?
?[1;31m
Start test 2?[0m
Scenario 'positive-answers' is started.

Hello!

I want to learn about animals.
Which animal do you like most?
> cat
Wonderful! I've learned so much about animals!
Let's play a game!
You think of an animal, and I guess it.
Press enter when you're ready.
> 
Is it a cat?
> y

Would you like to play again?
Hello!

I want to learn about animals.
Which animal do you like most?
> cat
Wonderful! I've learned so much about animals!
Let's play a game!
You think of an animal, and I guess it.
Press enter when you're ready.
> 
Is it a cat?
> Y

Would you like to play again?
Hello!

I want to learn about animals.
Which animal do you like most?
> cat
Wonderful! I've learned so much about animals!
Let's play a game!
You think of an animal, and I guess it.
Press enter when you're ready.
> 
Is it a cat?
> y.

Would you like to play again?
Hello!

I want to learn about animals.
Which animal do you like most?
> cat
Wonderful! I've learned so much about animals!
Let's play a game!
You think of an animal, and I guess it.
Press enter when you're ready.
> 
Is it a cat?
> Y.

Would you like to play again?
Hello!

I want to learn about animals.
Which animal do you like most?
> cat
Wonderful! I've learned so much about animals!
Let's play a game!
You think of an animal, and I guess it.
Press enter when you're ready.
> 
Is it a cat?
> y!

Would you like to play again?
Hello!

I want to learn about animals.
Which animal do you like most?
> cat
Wonderful! I've learned so much about animals!
Let's play a game!
You think of an animal, and I guess it.
Press enter when you're ready.
> 
Is it a cat?
> Y!

Would you like to play again?
Hello!

I want to learn about animals.
Which animal do you like most?
> cat
Wonderful! I've learned so much about animals!
Let's play a game!
You think of an animal, and I guess it.
Press enter when you're ready.
> 
Is it a cat?
>    Yes

Would you like to play again?
Hello!

I want to learn about animals.
Which animal do you like most?
> cat
Wonderful! I've learned so much about animals!
Let's play a game!
You think of an animal, and I guess it.
Press enter when you're ready.
> 
Is it a cat?
> Yes   

Would you like to play again?
Hello!

I want to learn about animals.
Which animal do you like most?
> cat
Wonderful! I've learned so much about animals!
Let's play a game!
You think of an animal, and I guess it.
Press enter when you're ready.
> 
Is it a cat?
> yes

Would you like to play again?
Hello!

I want to learn about animals.
Which animal do you like most?
> cat
Wonderful! I've learned so much about animals!
Let's play a game!
You think of an animal, and I guess it.
Press enter when you're ready.
> 
Is it a cat?
> Yes

Would you like to play again?
Hello!

I want to learn about animals.
Which animal do you like most?
> cat
Wonderful! I've learned so much about animals!
Let's play a game!
You think of an animal, and I guess it.
Press enter when you're ready.
> 
Is it a cat?
> YES

Would you like to play again?
Hello!

I want to learn about animals.
Which animal do you like most?
> cat
Wonderful! I've learned so much about animals!
Let's play a game!
You think of an animal, and I guess it.
Press enter when you're ready.
> 
Is it a cat?
> yes.

Would you like to play again?
Hello!

I want to learn about animals.
Which animal do you like most?
> cat
Wonderful! I've learned so much about animals!
Let's play a game!
You think of an animal, and I guess it.
Press enter when you're ready.
> 
Is it a cat?
> Yes!

Would you like to play again?
Hello!

I want to learn about animals.
Which animal do you like most?
> cat
Wonderful! I've learned so much about animals!
Let's play a game!
You think of an animal, and I guess it.
Press enter when you're ready.
> 
Is it a cat?
> YES!

Would you like to play again?
Hello!

I want to learn about animals.
Which animal do you like most?
> cat
Wonderful! I've learned so much about animals!
Let's play a game!
You think of an animal, and I guess it.
Press enter when you're ready.
> 
Is it a cat?
> yES!

Would you like to play again?
Hello!

I want to learn about animals.
Which animal do you like most?
> cat
Wonderful! I've learned so much about animals!
Let's play a game!
You think of an animal, and I guess it.
Press enter when you're ready.
> 
Is it a cat?
> YeS

Would you like to play again?
Hello!

I want to learn about animals.
Which animal do you like most?
> cat
Wonderful! I've learned so much about animals!
Let's play a game!
You think of an animal, and I guess it.
Press enter when you're ready.
> 
Is it a cat?
> Yeah

Would you like to play again?
Hello!

I want to learn about animals.
Which animal do you like most?
> cat
Wonderful! I've learned so much about animals!
Let's play a game!
You think of an animal, and I guess it.
Press enter when you're ready.
> 
Is it a cat?
> yeah

Would you like to play again?
Hello!

I want to learn about animals.
Which animal do you like most?
> cat
Wonderful! I've learned so much about animals!
Let's play a game!
You think of an animal, and I guess it.
Press enter when you're ready.
> 
Is it a cat?
> Yeah!

Would you like to play again?
Hello!

I want to learn about animals.
Which animal do you like most?
> cat
Wonderful! I've learned so much about animals!
Let's play a game!
You think of an animal, and I guess it.
Press enter when you're ready.
> 
Is it a cat?
> YeAh.

Would you like to play again?
Hello!

I want to learn about animals.
Which animal do you like most?
> cat
Wonderful! I've learned so much about animals!
Let's play a game!
You think of an animal, and I guess it.
Press enter when you're ready.
> 
Is it a cat?
> YEAH

Would you like to play again?
Hello!

I want to learn about animals.
Which animal do you like most?
> cat
Wonderful! I've learned so much about animals!
Let's play a game!
You think of an animal, and I guess it.
Press enter when you're ready.
> 
Is it a cat?
> yep

Would you like to play again?
Hello!

I want to learn about animals.
Which animal do you like most?
> cat
Wonderful! I've learned so much about animals!
Let's play a game!
You think of an animal, and I guess it.
Press enter when you're ready.
> 
Is it a cat?
> yEp

Would you like to play again?
Hello!

I want to learn about animals.
Which animal do you like most?
> cat
Wonderful! I've learned so much about animals!
Let's play a game!
You think of an animal, and I guess it.
Press enter when you're ready.
> 
Is it a cat?
> Yep!

Would you like to play again?
Hello!

I want to learn about animals.
Which animal do you like most?
> cat
Wonderful! I've learned so much about animals!
Let's play a game!
You think of an animal, and I guess it.
Press enter when you're ready.
> 
Is it a cat?
> YEP.

Would you like to play again?
Hello!

I want to learn about animals.
Which animal do you like most?
> cat
Wonderful! I've learned so much about animals!
Let's play a game!
You think of an animal, and I guess it.
Press enter when you're ready.
> 
Is it a cat?
> sure

Would you like to play again?
Hello!

I want to learn about animals.
Which animal do you like most?
> cat
Wonderful! I've learned so much about animals!
Let's play a game!
You think of an animal, and I guess it.
Press enter when you're ready.
> 
Is it a cat?
> Sure!

Would you like to play again?
Hello!

I want to learn about animals.
Which animal do you like most?
> cat
Wonderful! I've learned so much about animals!
Let's play a game!
You think of an animal, and I guess it.
Press enter when you're ready.
> 
Is it a cat?
> SURE!

Would you like to play again?
Hello!

I want to learn about animals.
Which animal do you like most?
> cat
Wonderful! I've learned so much about animals!
Let's play a game!
You think of an animal, and I guess it.
Press enter when you're ready.
> 
Is it a cat?
> surE.

Would you like to play again?
Hello!

I want to learn about animals.
Which animal do you like most?
> cat
Wonderful! I've learned so much about animals!
Let's play a game!
You think of an animal, and I guess it.
Press enter when you're ready.
> 
Is it a cat?
> right

Would you like to play again?
Hello!

I want to learn about animals.
Which animal do you like most?
> cat
Wonderful! I've learned so much about animals!
Let's play a game!
You think of an animal, and I guess it.
Press enter when you're ready.
> 
Is it a cat?
> Right.

Would you like to play again?
Hello!

I want to learn about animals.
Which animal do you like most?
> cat
Wonderful! I've learned so much about animals!
Let's play a game!
You think of an animal, and I guess it.
Press enter when you're ready.
> 
Is it a cat?
> Right!

Would you like to play again?
Hello!

I want to learn about animals.
Which animal do you like most?
> cat
Wonderful! I've learned so much about animals!
Let's play a game!
You think of an animal, and I guess it.
Press enter when you're ready.
> 
Is it a cat?
> affirmative

Would you like to play again?
Hello!

I want to learn about animals.
Which animal do you like most?
> cat
Wonderful! I've learned so much about animals!
Let's play a game!
You think of an animal, and I guess it.
Press enter when you're ready.
> 
Is it a cat?
> Affirmative!

Would you like to play again?
Hello!

I want to learn about animals.
Which animal do you like most?
> cat
Wonderful! I've learned so much about animals!
Let's play a game!
You think of an animal, and I guess it.
Press enter when you're ready.
> 
Is it a cat?
> correct

Would you like to play again?
Hello!

I want to learn about animals.
Which animal do you like most?
> cat
Wonderful! I've learned so much about animals!
Let's play a game!
You think of an animal, and I guess it.
Press enter when you're ready.
> 
Is it a cat?
> correct.

Would you like to play again?
Hello!

I want to learn about animals.
Which animal do you like most?
> cat
Wonderful! I've learned so much about animals!
Let's play a game!
You think of an animal, and I guess it.
Press enter when you're ready.
> 
Is it a cat?
> indeed

Would you like to play again?
Hello!

I want to learn about animals.
Which animal do you like most?
> cat
Wonderful! I've learned so much about animals!
Let's play a game!
You think of an animal, and I guess it.
Press enter when you're ready.
> 
Is it a cat?
> you bet

Would you like to play again?
Hello!

I want to learn about animals.
Which animal do you like most?
> cat
Wonderful! I've learned so much about animals!
Let's play a game!
You think of an animal, and I guess it.
Press enter when you're ready.
> 
Is it a cat?
> exactly

Would you like to play again?
Hello!

I want to learn about animals.
Which animal do you like most?
> cat
Wonderful! I've learned so much about animals!
Let's play a game!
You think of an animal, and I guess it.
Press enter when you're ready.
> 
Is it a cat?
> you said it.

Would you like to play again?
Hello!

I want to learn about animals.
Which animal do you like most?
> cat
Wonderful! I've learned so much about animals!
Let's play a game!
You think of an animal, and I guess it.
Press enter when you're ready.
> 
Is it a cat?
> you said it!

Would you like to play again?
Hello!

I want to learn about animals.
Which animal do you like most?
> cat
Wonderful! I've learned so much about animals!
Let's play a game!
You think of an animal, and I guess it.
Press enter when you're ready.
> 
Is it a cat?
> you said it

Would you like to play again?
?[1;31m
Start test 3?[0m
Scenario 'negative-answers' is started.

Hello!

I want to learn about animals.
Which animal do you like most?
> cat
Wonderful! I've learned so much about animals!
Let's play a game!
You think of an animal, and I guess it.
Press enter when you're ready.
> 
Is it a cat?
> n
I give up. What animal do you have in mind?
Hello!

I want to learn about animals.
Which animal do you like most?
> cat
Wonderful! I've learned so much about animals!
Let's play a game!
You think of an animal, and I guess it.
Press enter when you're ready.
> 
Is it a cat?
> N
I give up. What animal do you have in mind?
Hello!

I want to learn about animals.
Which animal do you like most?
> cat
Wonderful! I've learned so much about animals!
Let's play a game!
You think of an animal, and I guess it.
Press enter when you're ready.
> 
Is it a cat?
> n.
I give up. What animal do you have in mind?
Hello!

I want to learn about animals.
Which animal do you like most?
> cat
Wonderful! I've learned so much about animals!
Let's play a game!
You think of an animal, and I guess it.
Press enter when you're ready.
> 
Is it a cat?
> N.
I give up. What animal do you have in mind?
Hello!

I want to learn about animals.
Which animal do you like most?
> cat
Wonderful! I've learned so much about animals!
Let's play a game!
You think of an animal, and I guess it.
Press enter when you're ready.
> 
Is it a cat?
> n!
I give up. What animal do you have in mind?
Hello!

I want to learn about animals.
Which animal do you like most?
> cat
Wonderful! I've learned so much about animals!
Let's play a game!
You think of an animal, and I guess it.
Press enter when you're ready.
> 
Is it a cat?
> N!
I give up. What animal do you have in mind?
Hello!

I want to learn about animals.
Which animal do you like most?
> cat
Wonderful! I've learned so much about animals!
Let's play a game!
You think of an animal, and I guess it.
Press enter when you're ready.
> 
Is it a cat?
>    No
I give up. What animal do you have in mind?
Hello!

I want to learn about animals.
Which animal do you like most?
> cat
Wonderful! I've learned so much about animals!
Let's play a game!
You think of an animal, and I guess it.
Press enter when you're ready.
> 
Is it a cat?
> No   
I give up. What animal do you have in mind?
Hello!

I want to learn about animals.
Which animal do you like most?
> cat
Wonderful! I've learned so much about animals!
Let's play a game!
You think of an animal, and I guess it.
Press enter when you're ready.
> 
Is it a cat?
> no
I give up. What animal do you have in mind?
Hello!

I want to learn about animals.
Which animal do you like most?
> cat
Wonderful! I've learned so much about animals!
Let's play a game!
You think of an animal, and I guess it.
Press enter when you're ready.
> 
Is it a cat?
> nO
I give up. What animal do you have in mind?
Hello!

I want to learn about animals.
Which animal do you like most?
> cat
Wonderful! I've learned so much about animals!
Let's play a game!
You think of an animal, and I guess it.
Press enter when you're ready.
> 
Is it a cat?
> NO
I give up. What animal do you have in mind?
Hello!

I want to learn about animals.
Which animal do you like most?
> cat
Wonderful! I've learned so much about animals!
Let's play a game!
You think of an animal, and I guess it.
Press enter when you're ready.
> 
Is it a cat?
> No
I give up. What animal do you have in mind?
Hello!

I want to learn about animals.
Which animal do you like most?
> cat
Wonderful! I've learned so much about animals!
Let's play a game!
You think of an animal, and I guess it.
Press enter when you're ready.
> 
Is it a cat?
> no.
I give up. What animal do you have in mind?
Hello!

I want to learn about animals.
Which animal do you like most?
> cat
Wonderful! I've learned so much about animals!
Let's play a game!
You think of an animal, and I guess it.
Press enter when you're ready.
> 
Is it a cat?
> no!
I give up. What animal do you have in mind?
Hello!

I want to learn about animals.
Which animal do you like most?
> cat
Wonderful! I've learned so much about animals!
Let's play a game!
You think of an animal, and I guess it.
Press enter when you're ready.
> 
Is it a cat?
> No!
I give up. What animal do you have in mind?
Hello!

I want to learn about animals.
Which animal do you like most?
> cat
Wonderful! I've learned so much about animals!
Let's play a game!
You think of an animal, and I guess it.
Press enter when you're ready.
> 
Is it a cat?
> NO!
I give up. What animal do you have in mind?
Hello!

I want to learn about animals.
Which animal do you like most?
> cat
Wonderful! I've learned so much about animals!
Let's play a game!
You think of an animal, and I guess it.
Press enter when you're ready.
> 
Is it a cat?
> no way
I give up. What animal do you have in mind?
Hello!

I want to learn about animals.
Which animal do you like most?
> cat
Wonderful! I've learned so much about animals!
Let's play a game!
You think of an animal, and I guess it.
Press enter when you're ready.
> 
Is it a cat?
> no way!
I give up. What animal do you have in mind?
Hello!

I want to learn about animals.
Which animal do you like most?
> cat
Wonderful! I've learned so much about animals!
Let's play a game!
You think of an animal, and I guess it.
Press enter when you're ready.
> 
Is it a cat?
> No Way!
I give up. What animal do you have in mind?
Hello!

I want to learn about animals.
Which animal do you like most?
> cat
Wonderful! I've learned so much about animals!
Let's play a game!
You think of an animal, and I guess it.
Press enter when you're ready.
> 
Is it a cat?
> NO WAY!
I give up. What animal do you have in mind?
Hello!

I want to learn about animals.
Which animal do you like most?
> cat
Wonderful! I've learned so much about animals!
Let's play a game!
You think of an animal, and I guess it.
Press enter when you're ready.
> 
Is it a cat?
> no waY.
I give up. What animal do you have in mind?
Hello!

I want to learn about animals.
Which animal do you like most?
> cat
Wonderful! I've learned so much about animals!
Let's play a game!
You think of an animal, and I guess it.
Press enter when you're ready.
> 
Is it a cat?
> nah
I give up. What animal do you have in mind?
Hello!

I want to learn about animals.
Which animal do you like most?
> cat
Wonderful! I've learned so much about animals!
Let's play a game!
You think of an animal, and I guess it.
Press enter when you're ready.
> 
Is it a cat?
> Nah.
I give up. What animal do you have in mind?
Hello!

I want to learn about animals.
Which animal do you like most?
> cat
Wonderful! I've learned so much about animals!
Let's play a game!
You think of an animal, and I guess it.
Press enter when you're ready.
> 
Is it a cat?
> NAH!
I give up. What animal do you have in mind?
Hello!

I want to learn about animals.
Which animal do you like most?
> cat
Wonderful! I've learned so much about animals!
Let's play a game!
You think of an animal, and I guess it.
Press enter when you're ready.
> 
Is it a cat?
> naH
I give up. What animal do you have in mind?
Hello!

I want to learn about animals.
Which animal do you like most?
> cat
Wonderful! I've learned so much about animals!
Let's play a game!
You think of an animal, and I guess it.
Press enter when you're ready.
> 
Is it a cat?
> nope
I give up. What animal do you have in mind?
Hello!

I want to learn about animals.
Which animal do you like most?
> cat
Wonderful! I've learned so much about animals!
Let's play a game!
You think of an animal, and I guess it.
Press enter when you're ready.
> 
Is it a cat?
> NoPe!
I give up. What animal do you have in mind?
Hello!

I want to learn about animals.
Which animal do you like most?
> cat
Wonderful! I've learned so much about animals!
Let's play a game!
You think of an animal, and I guess it.
Press enter when you're ready.
> 
Is it a cat?
> NOPE.
I give up. What animal do you have in mind?
Hello!

I want to learn about animals.
Which animal do you like most?
> cat
Wonderful! I've learned so much about animals!
Let's play a game!
You think of an animal, and I guess it.
Press enter when you're ready.
> 
Is it a cat?
> negative
I give up. What animal do you have in mind?
Hello!

I want to learn about animals.
Which animal do you like most?
> cat
Wonderful! I've learned so much about animals!
Let's play a game!
You think of an animal, and I guess it.
Press enter when you're ready.
> 
Is it a cat?
> Negative.
I give up. What animal do you have in mind?
Hello!

I want to learn about animals.
Which animal do you like most?
> cat
Wonderful! I've learned so much about animals!
Let's play a game!
You think of an animal, and I guess it.
Press enter when you're ready.
> 
Is it a cat?
> i don't think so
I give up. What animal do you have in mind?
Hello!

I want to learn about animals.
Which animal do you like most?
> cat
Wonderful! I've learned so much about animals!
Let's play a game!
You think of an animal, and I guess it.
Press enter when you're ready.
> 
Is it a cat?
> I don't think so
I give up. What animal do you have in mind?
Hello!

I want to learn about animals.
Which animal do you like most?
> cat
Wonderful! I've learned so much about animals!
Let's play a game!
You think of an animal, and I guess it.
Press enter when you're ready.
> 
Is it a cat?
> I don't think so.
I give up. What animal do you have in mind?
Hello!

I want to learn about animals.
Which animal do you like most?
> cat
Wonderful! I've learned so much about animals!
Let's play a game!
You think of an animal, and I guess it.
Press enter when you're ready.
> 
Is it a cat?
> I don't Think SO.
I give up. What animal do you have in mind?
Hello!

I want to learn about animals.
Which animal do you like most?
> cat
Wonderful! I've learned so much about animals!
Let's play a game!
You think of an animal, and I guess it.
Press enter when you're ready.
> 
Is it a cat?
> yeah no
I give up. What animal do you have in mind?
Hello!

I want to learn about animals.
Which animal do you like most?
> cat
Wonderful! I've learned so much about animals!
Let's play a game!
You think of an animal, and I guess it.
Press enter when you're ready.
> 
Is it a cat?
> yeah no.
I give up. What animal do you have in mind?
Hello!

I want to learn about animals.
Which animal do you like most?
> cat
Wonderful! I've learned so much about animals!
Let's play a game!
You think of an animal, and I guess it.
Press enter when you're ready.
> 
Is it a cat?
> yeah no!
I give up. What animal do you have in mind?
Hello!

I want to learn about animals.
Which animal do you like most?
> cat
Wonderful! I've learned so much about animals!
Let's play a game!
You think of an animal, and I guess it.
Press enter when you're ready.
> 
Is it a cat?
> yeah NO!
I give up. What animal do you have in mind?
?[1;31m
Start test 4?[0m
Scenario 'unclear-answers' is started.

Hello!

I want to learn about animals.
Which animal do you like most?
> cat
Wonderful! I've learned so much about animals!
Let's play a game!
You think of an animal, and I guess it.
Press enter when you're ready.
> 
Is it a cat?
> y..
Could you please simply say yes or no?
Hello!

I want to learn about animals.
Which animal do you like most?
> cat
Wonderful! I've learned so much about animals!
Let's play a game!
You think of an animal, and I guess it.
Press enter when you're ready.
> 
Is it a cat?
> Y!.
Oh, it's too complicated for me: just tell me yes or no.
Hello!

I want to learn about animals.
Which animal do you like most?
> cat
Wonderful! I've learned so much about animals!
Let's play a game!
You think of an animal, and I guess it.
Press enter when you're ready.
> 
Is it a cat?
> ye
Funny, I still don't understand, is it yes or no?
Hello!

I want to learn about animals.
Which animal do you like most?
> cat
Wonderful! I've learned so much about animals!
Let's play a game!
You think of an animal, and I guess it.
Press enter when you're ready.
> 
Is it a cat?
> jes
Could you please simply say yes or no?
Hello!

I want to learn about animals.
Which animal do you like most?
> cat
Wonderful! I've learned so much about animals!
Let's play a game!
You think of an animal, and I guess it.
Press enter when you're ready.
> 
Is it a cat?
> Jes
Oh, it's too complicated for me: just tell me yes or no.
Hello!

I want to learn about animals.
Which animal do you like most?
> cat
Wonderful! I've learned so much about animals!
Let's play a game!
You think of an animal, and I guess it.
Press enter when you're ready.
> 
Is it a cat?
> yes...
Funny, I still don't understand, is it yes or no?
Hello!

I want to learn about animals.
Which animal do you like most?
> cat
Wonderful! I've learned so much about animals!
Let's play a game!
You think of an animal, and I guess it.
Press enter when you're ready.
> 
Is it a cat?
> да
Oh, no, don't try to confuse me: say yes or no.
Hello!

I want to learn about animals.
Which animal do you like most?
> cat
Wonderful! I've learned so much about animals!
Let's play a game!
You think of an animal, and I guess it.
Press enter when you're ready.
> 
Is it a cat?
> Так
Could you please simply say yes or no?
Hello!

I want to learn about animals.
Which animal do you like most?
> cat
Wonderful! I've learned so much about animals!
Let's play a game!
You think of an animal, and I guess it.
Press enter when you're ready.
> 
Is it a cat?
> yes, yes
Funny, I still don't understand, is it yes or no?
Hello!

I want to learn about animals.
Which animal do you like most?
> cat
Wonderful! I've learned so much about animals!
Let's play a game!
You think of an animal, and I guess it.
Press enter when you're ready.
> 
Is it a cat?
> Yea
Oh, no, don't try to confuse me: say yes or no.
Hello!

I want to learn about animals.
Which animal do you like most?
> cat
Wonderful! I've learned so much about animals!
Let's play a game!
You think of an animal, and I guess it.
Press enter when you're ready.
> 
Is it a cat?
> Ja
Could you please simply say yes or no?
Hello!

I want to learn about animals.
Which animal do you like most?
> cat
Wonderful! I've learned so much about animals!
Let's play a game!
You think of an animal, and I guess it.
Press enter when you're ready.
> 
Is it a cat?
> Jawohl!
Oh, no, don't try to confuse me: say yes or no.
Hello!

I want to learn about animals.
Which animal do you like most?
> cat
Wonderful! I've learned so much about animals!
Let's play a game!
You think of an animal, and I guess it.
Press enter when you're ready.
> 
Is it a cat?
> ja natürlich!
Could you please simply say yes or no?
Hello!

I want to learn about animals.
Which animal do you like most?
> cat
Wonderful! I've learned so much about animals!
Let's play a game!
You think of an animal, and I guess it.
Press enter when you're ready.
> 
Is it a cat?
> so genau
Could you please simply say yes or no?
Hello!

I want to learn about animals.
Which animal do you like most?
> cat
Wonderful! I've learned so much about animals!
Let's play a game!
You think of an animal, and I guess it.
Press enter when you're ready.
> 
Is it a cat?
> 1
Oh, no, don't try to confuse me: say yes or no.
Hello!

I want to learn about animals.
Which animal do you like most?
> cat
Wonderful! I've learned so much about animals!
Let's play a game!
You think of an animal, and I guess it.
Press enter when you're ready.
> 
Is it a cat?
> +
Oh, no, don't try to confuse me: say yes or no.
Hello!

I want to learn about animals.
Which animal do you like most?
> cat
Wonderful! I've learned so much about animals!
Let's play a game!
You think of an animal, and I guess it.
Press enter when you're ready.
> 
Is it a cat?
> yepi
Funny, I still don't understand, is it yes or no?
Hello!

I want to learn about animals.
Which animal do you like most?
> cat
Wonderful! I've learned so much about animals!
Let's play a game!
You think of an animal, and I guess it.
Press enter when you're ready.
> 
Is it a cat?
> Yep!!
Oh, it's too complicated for me: just tell me yes or no.
Hello!

I want to learn about animals.
Which animal do you like most?
> cat
Wonderful! I've learned so much about animals!
Let's play a game!
You think of an animal, and I guess it.
Press enter when you're ready.
> 
Is it a cat?
> Yes, sure!
Funny, I still don't understand, is it yes or no?
Hello!

I want to learn about animals.
Which animal do you like most?
> cat
Wonderful! I've learned so much about animals!
Let's play a game!
You think of an animal, and I guess it.
Press enter when you're ready.
> 
Is it a cat?
> Ok
Funny, I still don't understand, is it yes or no?
Hello!

I want to learn about animals.
Which animal do you like most?
> cat
Wonderful! I've learned so much about animals!
Let's play a game!
You think of an animal, and I guess it.
Press enter when you're ready.
> 
Is it a cat?
> Rights
Funny, I still don't understand, is it yes or no?
Hello!

I want to learn about animals.
Which animal do you like most?
> cat
Wonderful! I've learned so much about animals!
Let's play a game!
You think of an animal, and I guess it.
Press enter when you're ready.
> 
Is it a cat?
> affErmative
I'm not sure I caught you: was it yes or no?
Hello!

I want to learn about animals.
Which animal do you like most?
> cat
Wonderful! I've learned so much about animals!
Let's play a game!
You think of an animal, and I guess it.
Press enter when you're ready.
> 
Is it a cat?
> n..
Could you please simply say yes or no?
Hello!

I want to learn about animals.
Which animal do you like most?
> cat
Wonderful! I've learned so much about animals!
Let's play a game!
You think of an animal, and I guess it.
Press enter when you're ready.
> 
Is it a cat?
> N!!
Oh, it's too complicated for me: just tell me yes or no.
Hello!

I want to learn about animals.
Which animal do you like most?
> cat
Wonderful! I've learned so much about animals!
Let's play a game!
You think of an animal, and I guess it.
Press enter when you're ready.
> 
Is it a cat?
> nea
Could you please simply say yes or no?
Hello!

I want to learn about animals.
Which animal do you like most?
> cat
Wonderful! I've learned so much about animals!
Let's play a game!
You think of an animal, and I guess it.
Press enter when you're ready.
> 
Is it a cat?
> nop
Could you please simply say yes or no?
Hello!

I want to learn about animals.
Which animal do you like most?
> cat
Wonderful! I've learned so much about animals!
Let's play a game!
You think of an animal, and I guess it.
Press enter when you're ready.
> 
Is it a cat?
> noppi
Could you please simply say yes or no?
Hello!

I want to learn about animals.
Which animal do you like most?
> cat
Wonderful! I've learned so much about animals!
Let's play a game!
You think of an animal, and I guess it.
Press enter when you're ready.
> 
Is it a cat?
> no wa
Oh, it's too complicated for me: just tell me yes or no.
Hello!

I want to learn about animals.
Which animal do you like most?
> cat
Wonderful! I've learned so much about animals!
Let's play a game!
You think of an animal, and I guess it.
Press enter when you're ready.
> 
Is it a cat?
> no way!!!
Oh, no, don't try to confuse me: say yes or no.
Hello!

I want to learn about animals.
Which animal do you like most?
> cat
Wonderful! I've learned so much about animals!
Let's play a game!
You think of an animal, and I guess it.
Press enter when you're ready.
> 
Is it a cat?
> na
Oh, no, don't try to confuse me: say yes or no.
Hello!

I want to learn about animals.
Which animal do you like most?
> cat
Wonderful! I've learned so much about animals!
Let's play a game!
You think of an animal, and I guess it.
Press enter when you're ready.
> 
Is it a cat?
> nahi
Could you please simply say yes or no?
Hello!

I want to learn about animals.
Which animal do you like most?
> cat
Wonderful! I've learned so much about animals!
Let's play a game!
You think of an animal, and I guess it.
Press enter when you're ready.
> 
Is it a cat?
> nega
Oh, it's too complicated for me: just tell me yes or no.
Hello!

I want to learn about animals.
Which animal do you like most?
> cat
Wonderful! I've learned so much about animals!
Let's play a game!
You think of an animal, and I guess it.
Press enter when you're ready.
> 
Is it a cat?
> negat
Oh, no, don't try to confuse me: say yes or no.
Hello!

I want to learn about animals.
Which animal do you like most?
> cat
Wonderful! I've learned so much about animals!
Let's play a game!
You think of an animal, and I guess it.
Press enter when you're ready.
> 
Is it a cat?
> negati
I'm not sure I caught you: was it yes or no?
Hello!

I want to learn about animals.
Which animal do you like most?
> cat
Wonderful! I've learned so much about animals!
Let's play a game!
You think of an animal, and I guess it.
Press enter when you're ready.
> 
Is it a cat?
> negativ
Oh, it's too complicated for me: just tell me yes or no.
Hello!

I want to learn about animals.
Which animal do you like most?
> cat
Wonderful! I've learned so much about animals!
Let's play a game!
You think of an animal, and I guess it.
Press enter when you're ready.
> 
Is it a cat?
> i don't think..
Oh, no, don't try to confuse me: say yes or no.
Hello!

I want to learn about animals.
Which animal do you like most?
> cat
Wonderful! I've learned so much about animals!
Let's play a game!
You think of an animal, and I guess it.
Press enter when you're ready.
> 
Is it a cat?
> i don't
Could you please simply say yes or no?
Hello!

I want to learn about animals.
Which animal do you like most?
> cat
Wonderful! I've learned so much about animals!
Let's play a game!
You think of an animal, and I guess it.
Press enter when you're ready.
> 
Is it a cat?
> i
I'm not sure I caught you: was it yes or no?
Hello!

I want to learn about animals.
Which animal do you like most?
> cat
Wonderful! I've learned so much about animals!
Let's play a game!
You think of an animal, and I guess it.
Press enter when you're ready.
> 
Is it a cat?
> I no
Funny, I still don't understand, is it yes or no?
Hello!

I want to learn about animals.
Which animal do you like most?
> cat
Wonderful! I've learned so much about animals!
Let's play a game!
You think of an animal, and I guess it.
Press enter when you're ready.
> 
Is it a cat?
> i don't think so...
Oh, it's too complicated for me: just tell me yes or no.
Hello!

I want to learn about animals.
Which animal do you like most?
> cat
Wonderful! I've learned so much about animals!
Let's play a game!
You think of an animal, and I guess it.
Press enter when you're ready.
> 
Is it a cat?
> null
Oh, it's too complicated for me: just tell me yes or no.
?[1;31m
Start test 5?[0m
Scenario 'file-formats' is started.

Hello!

I want to learn about animals.
Which animal do you like most?
> cat
Wonderful! I've learned so much about animals!
Let's play a game!
You think of an animal, and I guess it.
Press enter when you're ready.
> 
Is it a cat?
> no
I give up. What animal do you have in mind?
> dog
Specify a fact that distinguishes a cat from a dog.
The sentence should satisfy one of the following templates:
- It can ...
- It has ...
- It is a/an ...

> It can climbs tree
Is the statement correct for a dog?
> No
I have learned the following facts about animals:
- The cat can climbs tree.
- The dog can't climbs tree.
I can distinguish these animals by asking the question:
- Can it climbs tree?
Nice! I've learned so much about animals!

Would you like to play again?
> Yes
You think of an animal, and I guess it.
Press enter when you're ready.
> 
Can it climbs tree?
> Yes
Is it a cat?
> No
I give up. What animal do you have in mind?
> a lynx
Specify a fact that distinguishes a cat from a lynx.
The sentence should satisfy one of the following templates:
- It can ...
- It has ...
- It is a/an ...

> It is living in the forest
Is the statement correct for a lynx?
> Yes
I have learned the following facts about animals:
- The cat isn't living in the forest.
- The lynx is living in the forest.
I can distinguish these animals by asking the question:
- Is it living in the forest?
Nice! I've learned so much about animals!

Would you like to play again?
> No
Later
Hello!

You think of an animal, and I guess it.
Press enter when you're ready.
> 
Can it climbs tree?
> yes
Is it living in the forest?
> sure
Is it a lynx?
> right

Would you like to play again?
> No
See you next time
Hello!

I want to learn about animals.
Which animal do you like most?
> cat
Wonderful! I've learned so much about animals!
Let's play a game!
You think of an animal, and I guess it.
Press enter when you're ready.
> 
Is it a cat?
> no
I give up. What animal do you have in mind?
> dog
Specify a fact that distinguishes a cat from a dog.
The sentence should satisfy one of the following templates:
- It can ...
- It has ...
- It is a/an ...

> It can climbs tree
Is the statement correct for a dog?
> No
I have learned the following facts about animals:
- The cat can climbs tree.
- The dog can't climbs tree.
I can distinguish these animals by asking the question:
- Can it climbs tree?
Nice! I've learned so much about animals!

Would you like to play again?
> Yes
You think of an animal, and I guess it.
Press enter when you're ready.
> 
Can it climbs tree?
> Yes
Is it a cat?
> No
I give up. What animal do you have in mind?
> a lynx
Specify a fact that distinguishes a cat from a lynx.
The sentence should satisfy one of the following templates:
- It can ...
- It has ...
- It is a/an ...

> It is living in the forest
Is the statement correct for a lynx?
> Yes
I have learned the following facts about animals:
- The cat isn't living in the forest.
- The lynx is living in the forest.
I can distinguish these animals by asking the question:
- Is it living in the forest?
Nice! I've learned so much about animals!

Would you like to play again?
> No
Goodbye
Hello!

You think of an animal, and I guess it.
Press enter when you're ready.
> 
Can it climbs tree?
> yes
Is it living in the forest?
> sure
Is it a lynx?
> right

Would you like to play again?
> No
See you next time
Hello!

I want to learn about animals.
Which animal do you like most?
> cat
Wonderful! I've learned so much about animals!
Let's play a game!
You think of an animal, and I guess it.
Press enter when you're ready.
> 
Is it a cat?
> no
I give up. What animal do you have in mind?
> dog
Specify a fact that distinguishes a cat from a dog.
The sentence should satisfy one of the following templates:
- It can ...
- It has ...
- It is a/an ...

> It can climbs tree
Is the statement correct for a dog?
> No
I have learned the following facts about animals:
- The cat can climbs tree.
- The dog can't climbs tree.
I can distinguish these animals by asking the question:
- Can it climbs tree?
Nice! I've learned so much about animals!

Would you like to play again?
> Yes
You think of an animal, and I guess it.
Press enter when you're ready.
> 
Can it climbs tree?
> Yes
Is it a cat?
> No
I give up. What animal do you have in mind?
> a lynx
Specify a fact that distinguishes a cat from a lynx.
The sentence should satisfy one of the following templates:
- It can ...
- It has ...
- It is a/an ...

> It is living in the forest
Is the statement correct for a lynx?
> Yes
I have learned the following facts about animals:
- The cat isn't living in the forest.
- The lynx is living in the forest.
I can distinguish these animals by asking the question:
- Is it living in the forest?
Nice! I've learned so much about animals!

Would you like to play again?
> No
See you next time
Hello!

You think of an animal, and I guess it.
Press enter when you're ready.
> 
Can it climbs tree?
> yes
Is it living in the forest?
> sure
Is it a lynx?
> right

Would you like to play again?
> No
See you next time
?[1;31m
Start test 6?[0m
Scenario 'file-formats' is started.

Hello!

I want to learn about animals.
Which animal do you like most?
> cat
Wonderful! I've learned so much about animals!
Let's play a game!
You think of an animal, and I guess it.
Press enter when you're ready.
> 
Is it a cat?
> no
I give up. What animal do you have in mind?
> dog
Specify a fact that distinguishes a cat from a dog.
The sentence should satisfy one of the following templates:
- It can ...
- It has ...
- It is a/an ...

> It can climbs tree
Is the statement correct for a dog?
> No
I have learned the following facts about animals:
- The cat can climbs tree.
- The dog can't climbs tree.
I can distinguish these animals by asking the question:
- Can it climbs tree?
Nice! I've learned so much about animals!

Would you like to play again?
> Yes
You think of an animal, and I guess it.
Press enter when you're ready.
> 
Can it climbs tree?
> Yes
Is it a cat?
> No
I give up. What animal do you have in mind?
> a lynx
Specify a fact that distinguishes a cat from a lynx.
The sentence should satisfy one of the following templates:
- It can ...
- It has ...
- It is a/an ...

> It is living in the forest
Is the statement correct for a lynx?
> Yes
I have learned the following facts about animals:
- The cat isn't living in the forest.
- The lynx is living in the forest.
I can distinguish these animals by asking the question:
- Is it living in the forest?
Nice! I've learned so much about animals!

Would you like to play again?
> No
Bye
Hello!

You think of an animal, and I guess it.
Press enter when you're ready.
> 
Can it climbs tree?
> yes
Is it living in the forest?
> sure
Is it a lynx?
> right

Would you like to play again?
> No
Bye
Hello!

I want to learn about animals.
Which animal do you like most?
> cat
Wonderful! I've learned so much about animals!
Let's play a game!
You think of an animal, and I guess it.
Press enter when you're ready.
> 
Is it a cat?
> no
I give up. What animal do you have in mind?
> dog
Specify a fact that distinguishes a cat from a dog.
The sentence should satisfy one of the following templates:
- It can ...
- It has ...
- It is a/an ...

> It can climbs tree
Is the statement correct for a dog?
> No
I have learned the following facts about animals:
- The cat can climbs tree.
- The dog can't climbs tree.
I can distinguish these animals by asking the question:
- Can it climbs tree?
Nice! I've learned so much about animals!

Would you like to play again?
> Yes
You think of an animal, and I guess it.
Press enter when you're ready.
> 
Can it climbs tree?
> Yes
Is it a cat?
> No
I give up. What animal do you have in mind?
> a lynx
Specify a fact that distinguishes a cat from a lynx.
The sentence should satisfy one of the following templates:
- It can ...
- It has ...
- It is a/an ...

> It is living in the forest
Is the statement correct for a lynx?
> Yes
I have learned the following facts about animals:
- The cat isn't living in the forest.
- The lynx is living in the forest.
I can distinguish these animals by asking the question:
- Is it living in the forest?
Nice! I've learned so much about animals!

Would you like to play again?
> No
Goodbye
Hello!

You think of an animal, and I guess it.
Press enter when you're ready.
> 
Can it climbs tree?
> yes
Is it living in the forest?
> sure
Is it a lynx?
> right

Would you like to play again?
> No
Bye
Hello!

I want to learn about animals.
Which animal do you like most?
> cat
Wonderful! I've learned so much about animals!
Let's play a game!
You think of an animal, and I guess it.
Press enter when you're ready.
> 
Is it a cat?
> no
I give up. What animal do you have in mind?
> dog
Specify a fact that distinguishes a cat from a dog.
The sentence should satisfy one of the following templates:
- It can ...
- It has ...
- It is a/an ...

> It can climbs tree
Is the statement correct for a dog?
> No
I have learned the following facts about animals:
- The cat can climbs tree.
- The dog can't climbs tree.
I can distinguish these animals by asking the question:
- Can it climbs tree?
Nice! I've learned so much about animals!

Would you like to play again?
> Yes
You think of an animal, and I guess it.
Press enter when you're ready.
> 
Can it climbs tree?
> Yes
Is it a cat?
> No
I give up. What animal do you have in mind?
> a lynx
Specify a fact that distinguishes a cat from a lynx.
The sentence should satisfy one of the following templates:
- It can ...
- It has ...
- It is a/an ...

> It is living in the forest
Is the statement correct for a lynx?
> Yes
I have learned the following facts about animals:
- The cat isn't living in the forest.
- The lynx is living in the forest.
I can distinguish these animals by asking the question:
- Is it living in the forest?
Nice! I've learned so much about animals!

Would you like to play again?
> No
Later
Hello!

You think of an animal, and I guess it.
Press enter when you're ready.
> 
Can it climbs tree?
> yes
Is it living in the forest?
> sure
Is it a lynx?
> right

Would you like to play again?
> No
See you next time
]]></system-out>
  <system-err><![CDATA[]]></system-err>
</testsuite>
